<?xml version="1.0" encoding="UTF-8"?>
<testsuite xmlns:xsi="http://www.w3.org/2001/XMLSchema-instance" xsi:noNamespaceSchemaLocation="https://maven.apache.org/surefire/maven-surefire-plugin/xsd/surefire-test-report.xsd" name="com.imooc.AppTest" time="0.052" tests="1" errors="0" skipped="0" failures="0">
  <properties>
    <property name="gopherProxySet" value="false"/>
    <property name="awt.toolkit" value="sun.lwawt.macosx.LWCToolkit"/>
    <property name="file.encoding.pkg" value="sun.io"/>
    <property name="java.specification.version" value="1.8"/>
    <property name="sun.cpu.isalist" value=""/>
    <property name="sun.jnu.encoding" value="UTF-8"/>
    <property name="java.class.path" value="/Users/lqy007700/Data/code/java-application/food/food-pojo/target/test-classes:/Users/lqy007700/Data/code/java-application/food/food-pojo/target/classes:/Users/lqy007700/Data/code/java-application/food/food-common/target/food-common-1.0-SNAPSHOT.jar:/Users/lqy007700/.m2/repository/junit/junit/4.13.2/junit-4.13.2.jar:/Users/lqy007700/.m2/repository/org/hamcrest/hamcrest-core/2.2/hamcrest-core-2.2.jar:/Users/lqy007700/.m2/repository/org/hamcrest/hamcrest/2.2/hamcrest-2.2.jar:/Users/lqy007700/.m2/repository/org/springframework/boot/spring-boot-starter/2.7.6/spring-boot-starter-2.7.6.jar:/Users/lqy007700/.m2/repository/org/springframework/boot/spring-boot/2.7.6/spring-boot-2.7.6.jar:/Users/lqy007700/.m2/repository/org/springframework/spring-context/5.3.24/spring-context-5.3.24.jar:/Users/lqy007700/.m2/repository/org/springframework/boot/spring-boot-autoconfigure/2.7.6/spring-boot-autoconfigure-2.7.6.jar:/Users/lqy007700/.m2/repository/jakarta/annotation/jakarta.annotation-api/1.3.5/jakarta.annotation-api-1.3.5.jar:/Users/lqy007700/.m2/repository/org/springframework/spring-core/5.3.24/spring-core-5.3.24.jar:/Users/lqy007700/.m2/repository/org/springframework/spring-jcl/5.3.24/spring-jcl-5.3.24.jar:/Users/lqy007700/.m2/repository/org/yaml/snakeyaml/1.30/snakeyaml-1.30.jar:/Users/lqy007700/.m2/repository/org/springframework/boot/spring-boot-starter-web/2.7.6/spring-boot-starter-web-2.7.6.jar:/Users/lqy007700/.m2/repository/org/springframework/boot/spring-boot-starter-json/2.7.6/spring-boot-starter-json-2.7.6.jar:/Users/lqy007700/.m2/repository/com/fasterxml/jackson/core/jackson-databind/2.13.4.2/jackson-databind-2.13.4.2.jar:/Users/lqy007700/.m2/repository/com/fasterxml/jackson/core/jackson-core/2.13.4/jackson-core-2.13.4.jar:/Users/lqy007700/.m2/repository/com/fasterxml/jackson/datatype/jackson-datatype-jdk8/2.13.4/jackson-datatype-jdk8-2.13.4.jar:/Users/lqy007700/.m2/repository/com/fasterxml/jackson/datatype/jackson-datatype-jsr310/2.13.4/jackson-datatype-jsr310-2.13.4.jar:/Users/lqy007700/.m2/repository/com/fasterxml/jackson/module/jackson-module-parameter-names/2.13.4/jackson-module-parameter-names-2.13.4.jar:/Users/lqy007700/.m2/repository/org/springframework/boot/spring-boot-starter-tomcat/2.7.6/spring-boot-starter-tomcat-2.7.6.jar:/Users/lqy007700/.m2/repository/org/apache/tomcat/embed/tomcat-embed-core/9.0.69/tomcat-embed-core-9.0.69.jar:/Users/lqy007700/.m2/repository/org/apache/tomcat/embed/tomcat-embed-el/9.0.69/tomcat-embed-el-9.0.69.jar:/Users/lqy007700/.m2/repository/org/apache/tomcat/embed/tomcat-embed-websocket/9.0.69/tomcat-embed-websocket-9.0.69.jar:/Users/lqy007700/.m2/repository/org/springframework/spring-web/5.3.24/spring-web-5.3.24.jar:/Users/lqy007700/.m2/repository/org/springframework/spring-beans/5.3.24/spring-beans-5.3.24.jar:/Users/lqy007700/.m2/repository/org/springframework/spring-webmvc/5.3.24/spring-webmvc-5.3.24.jar:/Users/lqy007700/.m2/repository/org/springframework/spring-expression/5.3.24/spring-expression-5.3.24.jar:/Users/lqy007700/.m2/repository/org/springframework/boot/spring-boot-starter-aop/2.7.6/spring-boot-starter-aop-2.7.6.jar:/Users/lqy007700/.m2/repository/org/springframework/spring-aop/5.3.24/spring-aop-5.3.24.jar:/Users/lqy007700/.m2/repository/org/aspectj/aspectjweaver/1.9.7/aspectjweaver-1.9.7.jar:/Users/lqy007700/.m2/repository/org/springframework/boot/spring-boot-configuration-processor/2.7.6/spring-boot-configuration-processor-2.7.6.jar:/Users/lqy007700/.m2/repository/mysql/mysql-connector-java/8.0.27/mysql-connector-java-8.0.27.jar:/Users/lqy007700/.m2/repository/org/mybatis/spring/boot/mybatis-spring-boot-starter/2.3.1/mybatis-spring-boot-starter-2.3.1.jar:/Users/lqy007700/.m2/repository/org/springframework/boot/spring-boot-starter-jdbc/2.7.6/spring-boot-starter-jdbc-2.7.6.jar:/Users/lqy007700/.m2/repository/com/zaxxer/HikariCP/4.0.3/HikariCP-4.0.3.jar:/Users/lqy007700/.m2/repository/org/springframework/spring-jdbc/5.3.24/spring-jdbc-5.3.24.jar:/Users/lqy007700/.m2/repository/org/springframework/spring-tx/5.3.24/spring-tx-5.3.24.jar:/Users/lqy007700/.m2/repository/org/mybatis/spring/boot/mybatis-spring-boot-autoconfigure/2.3.1/mybatis-spring-boot-autoconfigure-2.3.1.jar:/Users/lqy007700/.m2/repository/org/mybatis/mybatis/3.5.13/mybatis-3.5.13.jar:/Users/lqy007700/.m2/repository/org/mybatis/mybatis-spring/2.1.1/mybatis-spring-2.1.1.jar:/Users/lqy007700/.m2/repository/tk/mybatis/mapper-spring-boot-starter/2.1.3/mapper-spring-boot-starter-2.1.3.jar:/Users/lqy007700/.m2/repository/tk/mybatis/mapper-core/1.1.3/mapper-core-1.1.3.jar:/Users/lqy007700/.m2/repository/javax/persistence/persistence-api/1.0/persistence-api-1.0.jar:/Users/lqy007700/.m2/repository/tk/mybatis/mapper-base/1.1.3/mapper-base-1.1.3.jar:/Users/lqy007700/.m2/repository/tk/mybatis/mapper-weekend/1.1.4.5/mapper-weekend-1.1.4.5.jar:/Users/lqy007700/.m2/repository/tk/mybatis/mapper-spring/1.1.3/mapper-spring-1.1.3.jar:/Users/lqy007700/.m2/repository/tk/mybatis/mapper-extra/1.1.3/mapper-extra-1.1.3.jar:/Users/lqy007700/.m2/repository/tk/mybatis/mapper-spring-boot-autoconfigure/2.1.3/mapper-spring-boot-autoconfigure-2.1.3.jar:/Users/lqy007700/.m2/repository/commons-codec/commons-codec/1.15/commons-codec-1.15.jar:/Users/lqy007700/.m2/repository/org/apache/commons/commons-lang3/3.12.0/commons-lang3-3.12.0.jar:/Users/lqy007700/.m2/repository/commons-io/commons-io/1.3.2/commons-io-1.3.2.jar:/Users/lqy007700/.m2/repository/io/springfox/springfox-swagger2/2.9.2/springfox-swagger2-2.9.2.jar:/Users/lqy007700/.m2/repository/io/swagger/swagger-annotations/1.5.20/swagger-annotations-1.5.20.jar:/Users/lqy007700/.m2/repository/io/swagger/swagger-models/1.5.20/swagger-models-1.5.20.jar:/Users/lqy007700/.m2/repository/com/fasterxml/jackson/core/jackson-annotations/2.13.4/jackson-annotations-2.13.4.jar:/Users/lqy007700/.m2/repository/io/springfox/springfox-spi/2.9.2/springfox-spi-2.9.2.jar:/Users/lqy007700/.m2/repository/io/springfox/springfox-core/2.9.2/springfox-core-2.9.2.jar:/Users/lqy007700/.m2/repository/net/bytebuddy/byte-buddy/1.12.19/byte-buddy-1.12.19.jar:/Users/lqy007700/.m2/repository/io/springfox/springfox-schema/2.9.2/springfox-schema-2.9.2.jar:/Users/lqy007700/.m2/repository/io/springfox/springfox-swagger-common/2.9.2/springfox-swagger-common-2.9.2.jar:/Users/lqy007700/.m2/repository/io/springfox/springfox-spring-web/2.9.2/springfox-spring-web-2.9.2.jar:/Users/lqy007700/.m2/repository/com/google/guava/guava/20.0/guava-20.0.jar:/Users/lqy007700/.m2/repository/com/fasterxml/classmate/1.5.1/classmate-1.5.1.jar:/Users/lqy007700/.m2/repository/org/springframework/plugin/spring-plugin-core/1.2.0.RELEASE/spring-plugin-core-1.2.0.RELEASE.jar:/Users/lqy007700/.m2/repository/org/springframework/plugin/spring-plugin-metadata/1.2.0.RELEASE/spring-plugin-metadata-1.2.0.RELEASE.jar:/Users/lqy007700/.m2/repository/org/mapstruct/mapstruct/1.2.0.Final/mapstruct-1.2.0.Final.jar:/Users/lqy007700/.m2/repository/io/springfox/springfox-swagger-ui/2.9.2/springfox-swagger-ui-2.9.2.jar:/Users/lqy007700/.m2/repository/com/github/xiaoymin/swagger-bootstrap-ui/1.9.6/swagger-bootstrap-ui-1.9.6.jar:/Users/lqy007700/.m2/repository/org/javassist/javassist/3.25.0-GA/javassist-3.25.0-GA.jar:/Users/lqy007700/.m2/repository/org/slf4j/slf4j-api/1.7.21/slf4j-api-1.7.21.jar:/Users/lqy007700/.m2/repository/org/slf4j/slf4j-log4j12/1.7.2/slf4j-log4j12-1.7.2.jar:/Users/lqy007700/.m2/repository/log4j/log4j/1.2.17/log4j-1.2.17.jar:/Users/lqy007700/.m2/repository/com/github/pagehelper/pagehelper-spring-boot-starter/1.4.6/pagehelper-spring-boot-starter-1.4.6.jar:/Users/lqy007700/.m2/repository/com/github/pagehelper/pagehelper-spring-boot-autoconfigure/1.4.6/pagehelper-spring-boot-autoconfigure-1.4.6.jar:/Users/lqy007700/.m2/repository/com/github/pagehelper/pagehelper/5.3.2/pagehelper-5.3.2.jar:/Users/lqy007700/.m2/repository/com/github/jsqlparser/jsqlparser/4.5/jsqlparser-4.5.jar:"/>
    <property name="java.vm.vendor" value="Oracle Corporation"/>
    <property name="sun.arch.data.model" value="64"/>
    <property name="java.vendor.url" value="http://java.oracle.com/"/>
    <property name="user.timezone" value=""/>
    <property name="java.vm.specification.version" value="1.8"/>
    <property name="os.name" value="Mac OS X"/>
    <property name="user.country" value="CN"/>
    <property name="sun.java.launcher" value="SUN_STANDARD"/>
    <property name="sun.boot.library.path" value="/Library/Java/JavaVirtualMachines/jdk1.8.0_311.jdk/Contents/Home/jre/lib"/>
    <property name="sun.java.command" value="/Users/lqy007700/Data/code/java-application/food/food-pojo/target/surefire/surefirebooter3805906730172705053.jar /Users/lqy007700/Data/code/java-application/food/food-pojo/target/surefire 2023-08-28T16-22-15_517-jvmRun1 surefire8451314524343316183tmp surefire_15436817277056286450tmp"/>
    <property name="surefire.test.class.path" value="/Users/lqy007700/Data/code/java-application/food/food-pojo/target/test-classes:/Users/lqy007700/Data/code/java-application/food/food-pojo/target/classes:/Users/lqy007700/Data/code/java-application/food/food-common/target/food-common-1.0-SNAPSHOT.jar:/Users/lqy007700/.m2/repository/junit/junit/4.13.2/junit-4.13.2.jar:/Users/lqy007700/.m2/repository/org/hamcrest/hamcrest-core/2.2/hamcrest-core-2.2.jar:/Users/lqy007700/.m2/repository/org/hamcrest/hamcrest/2.2/hamcrest-2.2.jar:/Users/lqy007700/.m2/repository/org/springframework/boot/spring-boot-starter/2.7.6/spring-boot-starter-2.7.6.jar:/Users/lqy007700/.m2/repository/org/springframework/boot/spring-boot/2.7.6/spring-boot-2.7.6.jar:/Users/lqy007700/.m2/repository/org/springframework/spring-context/5.3.24/spring-context-5.3.24.jar:/Users/lqy007700/.m2/repository/org/springframework/boot/spring-boot-autoconfigure/2.7.6/spring-boot-autoconfigure-2.7.6.jar:/Users/lqy007700/.m2/repository/jakarta/annotation/jakarta.annotation-api/1.3.5/jakarta.annotation-api-1.3.5.jar:/Users/lqy007700/.m2/repository/org/springframework/spring-core/5.3.24/spring-core-5.3.24.jar:/Users/lqy007700/.m2/repository/org/springframework/spring-jcl/5.3.24/spring-jcl-5.3.24.jar:/Users/lqy007700/.m2/repository/org/yaml/snakeyaml/1.30/snakeyaml-1.30.jar:/Users/lqy007700/.m2/repository/org/springframework/boot/spring-boot-starter-web/2.7.6/spring-boot-starter-web-2.7.6.jar:/Users/lqy007700/.m2/repository/org/springframework/boot/spring-boot-starter-json/2.7.6/spring-boot-starter-json-2.7.6.jar:/Users/lqy007700/.m2/repository/com/fasterxml/jackson/core/jackson-databind/2.13.4.2/jackson-databind-2.13.4.2.jar:/Users/lqy007700/.m2/repository/com/fasterxml/jackson/core/jackson-core/2.13.4/jackson-core-2.13.4.jar:/Users/lqy007700/.m2/repository/com/fasterxml/jackson/datatype/jackson-datatype-jdk8/2.13.4/jackson-datatype-jdk8-2.13.4.jar:/Users/lqy007700/.m2/repository/com/fasterxml/jackson/datatype/jackson-datatype-jsr310/2.13.4/jackson-datatype-jsr310-2.13.4.jar:/Users/lqy007700/.m2/repository/com/fasterxml/jackson/module/jackson-module-parameter-names/2.13.4/jackson-module-parameter-names-2.13.4.jar:/Users/lqy007700/.m2/repository/org/springframework/boot/spring-boot-starter-tomcat/2.7.6/spring-boot-starter-tomcat-2.7.6.jar:/Users/lqy007700/.m2/repository/org/apache/tomcat/embed/tomcat-embed-core/9.0.69/tomcat-embed-core-9.0.69.jar:/Users/lqy007700/.m2/repository/org/apache/tomcat/embed/tomcat-embed-el/9.0.69/tomcat-embed-el-9.0.69.jar:/Users/lqy007700/.m2/repository/org/apache/tomcat/embed/tomcat-embed-websocket/9.0.69/tomcat-embed-websocket-9.0.69.jar:/Users/lqy007700/.m2/repository/org/springframework/spring-web/5.3.24/spring-web-5.3.24.jar:/Users/lqy007700/.m2/repository/org/springframework/spring-beans/5.3.24/spring-beans-5.3.24.jar:/Users/lqy007700/.m2/repository/org/springframework/spring-webmvc/5.3.24/spring-webmvc-5.3.24.jar:/Users/lqy007700/.m2/repository/org/springframework/spring-expression/5.3.24/spring-expression-5.3.24.jar:/Users/lqy007700/.m2/repository/org/springframework/boot/spring-boot-starter-aop/2.7.6/spring-boot-starter-aop-2.7.6.jar:/Users/lqy007700/.m2/repository/org/springframework/spring-aop/5.3.24/spring-aop-5.3.24.jar:/Users/lqy007700/.m2/repository/org/aspectj/aspectjweaver/1.9.7/aspectjweaver-1.9.7.jar:/Users/lqy007700/.m2/repository/org/springframework/boot/spring-boot-configuration-processor/2.7.6/spring-boot-configuration-processor-2.7.6.jar:/Users/lqy007700/.m2/repository/mysql/mysql-connector-java/8.0.27/mysql-connector-java-8.0.27.jar:/Users/lqy007700/.m2/repository/org/mybatis/spring/boot/mybatis-spring-boot-starter/2.3.1/mybatis-spring-boot-starter-2.3.1.jar:/Users/lqy007700/.m2/repository/org/springframework/boot/spring-boot-starter-jdbc/2.7.6/spring-boot-starter-jdbc-2.7.6.jar:/Users/lqy007700/.m2/repository/com/zaxxer/HikariCP/4.0.3/HikariCP-4.0.3.jar:/Users/lqy007700/.m2/repository/org/springframework/spring-jdbc/5.3.24/spring-jdbc-5.3.24.jar:/Users/lqy007700/.m2/repository/org/springframework/spring-tx/5.3.24/spring-tx-5.3.24.jar:/Users/lqy007700/.m2/repository/org/mybatis/spring/boot/mybatis-spring-boot-autoconfigure/2.3.1/mybatis-spring-boot-autoconfigure-2.3.1.jar:/Users/lqy007700/.m2/repository/org/mybatis/mybatis/3.5.13/mybatis-3.5.13.jar:/Users/lqy007700/.m2/repository/org/mybatis/mybatis-spring/2.1.1/mybatis-spring-2.1.1.jar:/Users/lqy007700/.m2/repository/tk/mybatis/mapper-spring-boot-starter/2.1.3/mapper-spring-boot-starter-2.1.3.jar:/Users/lqy007700/.m2/repository/tk/mybatis/mapper-core/1.1.3/mapper-core-1.1.3.jar:/Users/lqy007700/.m2/repository/javax/persistence/persistence-api/1.0/persistence-api-1.0.jar:/Users/lqy007700/.m2/repository/tk/mybatis/mapper-base/1.1.3/mapper-base-1.1.3.jar:/Users/lqy007700/.m2/repository/tk/mybatis/mapper-weekend/1.1.4.5/mapper-weekend-1.1.4.5.jar:/Users/lqy007700/.m2/repository/tk/mybatis/mapper-spring/1.1.3/mapper-spring-1.1.3.jar:/Users/lqy007700/.m2/repository/tk/mybatis/mapper-extra/1.1.3/mapper-extra-1.1.3.jar:/Users/lqy007700/.m2/repository/tk/mybatis/mapper-spring-boot-autoconfigure/2.1.3/mapper-spring-boot-autoconfigure-2.1.3.jar:/Users/lqy007700/.m2/repository/commons-codec/commons-codec/1.15/commons-codec-1.15.jar:/Users/lqy007700/.m2/repository/org/apache/commons/commons-lang3/3.12.0/commons-lang3-3.12.0.jar:/Users/lqy007700/.m2/repository/commons-io/commons-io/1.3.2/commons-io-1.3.2.jar:/Users/lqy007700/.m2/repository/io/springfox/springfox-swagger2/2.9.2/springfox-swagger2-2.9.2.jar:/Users/lqy007700/.m2/repository/io/swagger/swagger-annotations/1.5.20/swagger-annotations-1.5.20.jar:/Users/lqy007700/.m2/repository/io/swagger/swagger-models/1.5.20/swagger-models-1.5.20.jar:/Users/lqy007700/.m2/repository/com/fasterxml/jackson/core/jackson-annotations/2.13.4/jackson-annotations-2.13.4.jar:/Users/lqy007700/.m2/repository/io/springfox/springfox-spi/2.9.2/springfox-spi-2.9.2.jar:/Users/lqy007700/.m2/repository/io/springfox/springfox-core/2.9.2/springfox-core-2.9.2.jar:/Users/lqy007700/.m2/repository/net/bytebuddy/byte-buddy/1.12.19/byte-buddy-1.12.19.jar:/Users/lqy007700/.m2/repository/io/springfox/springfox-schema/2.9.2/springfox-schema-2.9.2.jar:/Users/lqy007700/.m2/repository/io/springfox/springfox-swagger-common/2.9.2/springfox-swagger-common-2.9.2.jar:/Users/lqy007700/.m2/repository/io/springfox/springfox-spring-web/2.9.2/springfox-spring-web-2.9.2.jar:/Users/lqy007700/.m2/repository/com/google/guava/guava/20.0/guava-20.0.jar:/Users/lqy007700/.m2/repository/com/fasterxml/classmate/1.5.1/classmate-1.5.1.jar:/Users/lqy007700/.m2/repository/org/springframework/plugin/spring-plugin-core/1.2.0.RELEASE/spring-plugin-core-1.2.0.RELEASE.jar:/Users/lqy007700/.m2/repository/org/springframework/plugin/spring-plugin-metadata/1.2.0.RELEASE/spring-plugin-metadata-1.2.0.RELEASE.jar:/Users/lqy007700/.m2/repository/org/mapstruct/mapstruct/1.2.0.Final/mapstruct-1.2.0.Final.jar:/Users/lqy007700/.m2/repository/io/springfox/springfox-swagger-ui/2.9.2/springfox-swagger-ui-2.9.2.jar:/Users/lqy007700/.m2/repository/com/github/xiaoymin/swagger-bootstrap-ui/1.9.6/swagger-bootstrap-ui-1.9.6.jar:/Users/lqy007700/.m2/repository/org/javassist/javassist/3.25.0-GA/javassist-3.25.0-GA.jar:/Users/lqy007700/.m2/repository/org/slf4j/slf4j-api/1.7.21/slf4j-api-1.7.21.jar:/Users/lqy007700/.m2/repository/org/slf4j/slf4j-log4j12/1.7.2/slf4j-log4j12-1.7.2.jar:/Users/lqy007700/.m2/repository/log4j/log4j/1.2.17/log4j-1.2.17.jar:/Users/lqy007700/.m2/repository/com/github/pagehelper/pagehelper-spring-boot-starter/1.4.6/pagehelper-spring-boot-starter-1.4.6.jar:/Users/lqy007700/.m2/repository/com/github/pagehelper/pagehelper-spring-boot-autoconfigure/1.4.6/pagehelper-spring-boot-autoconfigure-1.4.6.jar:/Users/lqy007700/.m2/repository/com/github/pagehelper/pagehelper/5.3.2/pagehelper-5.3.2.jar:/Users/lqy007700/.m2/repository/com/github/jsqlparser/jsqlparser/4.5/jsqlparser-4.5.jar:"/>
    <property name="sun.cpu.endian" value="little"/>
    <property name="user.home" value="/Users/lqy007700"/>
    <property name="user.language" value="zh"/>
    <property name="java.specification.vendor" value="Oracle Corporation"/>
    <property name="java.home" value="/Library/Java/JavaVirtualMachines/jdk1.8.0_311.jdk/Contents/Home/jre"/>
    <property name="basedir" value="/Users/lqy007700/Data/code/java-application/food/food-pojo"/>
    <property name="file.separator" value="/"/>
    <property name="line.separator" value="&#10;"/>
    <property name="java.vm.specification.vendor" value="Oracle Corporation"/>
    <property name="java.specification.name" value="Java Platform API Specification"/>
    <property name="java.awt.graphicsenv" value="sun.awt.CGraphicsEnvironment"/>
    <property name="surefire.real.class.path" value="/Users/lqy007700/Data/code/java-application/food/food-pojo/target/surefire/surefirebooter3805906730172705053.jar"/>
    <property name="sun.boot.class.path" value="/Library/Java/JavaVirtualMachines/jdk1.8.0_311.jdk/Contents/Home/jre/lib/resources.jar:/Library/Java/JavaVirtualMachines/jdk1.8.0_311.jdk/Contents/Home/jre/lib/rt.jar:/Library/Java/JavaVirtualMachines/jdk1.8.0_311.jdk/Contents/Home/jre/lib/sunrsasign.jar:/Library/Java/JavaVirtualMachines/jdk1.8.0_311.jdk/Contents/Home/jre/lib/jsse.jar:/Library/Java/JavaVirtualMachines/jdk1.8.0_311.jdk/Contents/Home/jre/lib/jce.jar:/Library/Java/JavaVirtualMachines/jdk1.8.0_311.jdk/Contents/Home/jre/lib/charsets.jar:/Library/Java/JavaVirtualMachines/jdk1.8.0_311.jdk/Contents/Home/jre/lib/jfr.jar:/Library/Java/JavaVirtualMachines/jdk1.8.0_311.jdk/Contents/Home/jre/classes"/>
    <property name="sun.management.compiler" value="HotSpot 64-Bit Tiered Compilers"/>
    <property name="java.runtime.version" value="1.8.0_311-b11"/>
    <property name="user.name" value="lqy007700"/>
    <property name="path.separator" value=":"/>
    <property name="os.version" value="10.16"/>
    <property name="java.endorsed.dirs" value="/Library/Java/JavaVirtualMachines/jdk1.8.0_311.jdk/Contents/Home/jre/lib/endorsed"/>
    <property name="java.runtime.name" value="Java(TM) SE Runtime Environment"/>
    <property name="file.encoding" value="UTF-8"/>
    <property name="java.vm.name" value="Java HotSpot(TM) 64-Bit Server VM"/>
    <property name="localRepository" value="/Users/lqy007700/.m2/repository"/>
    <property name="java.vendor.url.bug" value="http://bugreport.sun.com/bugreport/"/>
    <property name="java.io.tmpdir" value="/var/folders/5z/b4c3863j3w34gjg6gv481s_00000gn/T/"/>
    <property name="idea.version" value="2023.2"/>
    <property name="java.version" value="1.8.0_311"/>
    <property name="user.dir" value="/Users/lqy007700/Data/code/java-application/food/food-pojo"/>
    <property name="os.arch" value="x86_64"/>
    <property name="java.vm.specification.name" value="Java Virtual Machine Specification"/>
    <property name="java.awt.printerjob" value="sun.lwawt.macosx.CPrinterJob"/>
    <property name="sun.os.patch.level" value="unknown"/>
    <property name="java.library.path" value="/Users/lqy007700/Library/Java/Extensions:/Library/Java/Extensions:/Network/Library/Java/Extensions:/System/Library/Java/Extensions:/usr/lib/java:."/>
    <property name="java.vm.info" value="mixed mode"/>
    <property name="java.vendor" value="Oracle Corporation"/>
    <property name="java.vm.version" value="25.311-b11"/>
    <property name="java.ext.dirs" value="/Users/lqy007700/Library/Java/Extensions:/Library/Java/JavaVirtualMachines/jdk1.8.0_311.jdk/Contents/Home/jre/lib/ext:/Library/Java/Extensions:/Network/Library/Java/Extensions:/System/Library/Java/Extensions:/usr/lib/java"/>
    <property name="sun.io.unicode.encoding" value="UnicodeBig"/>
    <property name="java.class.version" value="52.0"/>
  </properties>
  <testcase name="shouldAnswerWithTrue" classname="com.imooc.AppTest" time="0.003"/>
</testsuite>